<?xml version="1.0" encoding="UTF-8"?>
<testsuite xmlns:xsi="http://www.w3.org/2001/XMLSchema-instance" xsi:noNamespaceSchemaLocation="https://maven.apache.org/surefire/maven-surefire-plugin/xsd/surefire-test-report.xsd" name="canvia.curso.automatizacion.pruebas.fundamentos_java_orientado_pruebas_automatizadas.CalculadoraTest" time="0.057" tests="3" errors="0" skipped="0" failures="1">
  <properties>
[...]
</properties>
  <testcase name="testResta" classname="canvia.curso.automatizacion.pruebas.fundamentos_java_orientado_pruebas_automatizadas.CalculadoraTest" time="0.027"/>
  <testcase name="testSuma" classname="canvia.curso.automatizacion.pruebas.fundamentos_java_orientado_pruebas_automatizadas.CalculadoraTest" time="0.002"/>
  <testcase name="testDividir" classname="canvia.curso.automatizacion.pruebas.fundamentos_java_orientado_pruebas_automatizadas.CalculadoraTest" time="0.013">
    <failure message="expected: &lt;Divisor no puede ser cero&gt; but was: &lt;Divisor no puede ser 0&gt;" type="org.opentest4j.AssertionFailedError"><![CDATA[org.opentest4j.AssertionFailedError: expected: <Divisor no puede ser cero> but was: <Divisor no puede ser 0>
	at canvia.curso.automatizacion.pruebas.fundamentos_java_orientado_pruebas_automatizadas.CalculadoraTest.testDividir(CalculadoraTest.java:48)
]]></failure>
    <system-out><![CDATA[Clase Calculadora instanciada.
Prueba finalizada.
]]></system-out>
  </testcase>
</testsuite>